# JRE version: OpenJDK Runtime Environment (7.0_65-b32) (build 1.7.0_65-b32)
# Java VM: OpenJDK 64-Bit Server VM (24.65-b04 mixed mode linux-amd64 compressed oops)
Heap
 PSYoungGen      total 1317376K, used 12598K [0x00000007acc80000, 0x00000007fff80000, 0x0000000800000000)
  eden space 1289728K, 0% used [0x00000007acc80000,0x00000007ad8cda18,0x00000007fb800000)
  from space 27648K, 0% used [0x00000007fd280000,0x00000007fd280000,0x00000007fed80000)
  to   space 27136K, 0% used [0x00000007fb800000,0x00000007fb800000,0x00000007fd280000)
 ParOldGen       total 2323456K, used 2132781K [0x0000000706600000, 0x0000000794300000, 0x00000007acc80000)
  object space 2323456K, 91% used [0x0000000706600000,0x00000007888cb650,0x0000000794300000)
 PSPermGen       total 50688K, used 22523K [0x00000006fc000000, 0x00000006ff180000, 0x0000000706600000)
  object space 50688K, 44% used [0x00000006fc000000,0x00000006fd5fed30,0x00000006ff180000)
GC Heap History (10 events):
Event: 132.292 GC heap before
{Heap before GC invocations=10 (full 1):
 PSYoungGen      total 546304K, used 3851K [0x00000007acc80000, 0x00000007e2d00000, 0x0000000800000000)
  eden space 519168K, 0% used [0x00000007acc80000,0x00000007acc80000,0x00000007cc780000)
  from space 27136K, 14% used [0x00000007cc780000,0x00000007ccb42d00,0x00000007ce200000)
  to   space 27136K, 0% used [0x00000007e1280000,0x00000007e1280000,0x00000007e2d00000)
 ParOldGen       total 224256K, used 204937K [0x0000000706600000, 0x0000000714100000, 0x00000007acc80000)
  object space 224256K, 91% used [0x0000000706600000,0x0000000712e22698,0x0000000714100000)
 PSPermGen       total 22528K, used 22425K [0x00000006fc000000, 0x00000006fd600000, 0x0000000706600000)
  object space 22528K, 99% used [0x00000006fc000000,0x00000006fd5e6580,0x00000006fd600000)
Event: 132.363 GC heap after
Heap after GC invocations=10 (full 1):
 PSYoungGen      total 546304K, used 0K [0x00000007acc80000, 0x00000007e2d00000, 0x0000000800000000)
  eden space 519168K, 0% used [0x00000007acc80000,0x00000007acc80000,0x00000007cc780000)
  from space 27136K, 0% used [0x00000007cc780000,0x00000007cc780000,0x00000007ce200000)
  to   space 27136K, 0% used [0x00000007e1280000,0x00000007e1280000,0x00000007e2d00000)
 ParOldGen       total 208896K, used 61803K [0x0000000706600000, 0x0000000713200000, 0x00000007acc80000)
  object space 208896K, 29% used [0x0000000706600000,0x000000070a25ad58,0x0000000713200000)
 PSPermGen       total 45056K, used 22416K [0x00000006fc000000, 0x00000006fec00000, 0x0000000706600000)
  object space 45056K, 49% used [0x00000006fc000000,0x00000006fd5e4198,0x00000006fec00000)
}
Event: 158.156 GC heap before
{Heap before GC invocations=11 (full 1):
 PSYoungGen      total 546304K, used 491239K [0x00000007acc80000, 0x00000007e2d00000, 0x0000000800000000)
  eden space 519168K, 94% used [0x00000007acc80000,0x00000007cac39ff8,0x00000007cc780000)
  from space 27136K, 0% used [0x00000007cc780000,0x00000007cc780000,0x00000007ce200000)
  to   space 27136K, 0% used [0x00000007e1280000,0x00000007e1280000,0x00000007e2d00000)
 ParOldGen       total 208896K, used 61803K [0x0000000706600000, 0x0000000713200000, 0x00000007acc80000)
  object space 208896K, 29% used [0x0000000706600000,0x000000070a25ad58,0x0000000713200000)
 PSPermGen       total 45056K, used 22515K [0x00000006fc000000, 0x00000006fec00000, 0x0000000706600000)
  object space 45056K, 49% used [0x00000006fc000000,0x00000006fd5fcd40,0x00000006fec00000)
Event: 158.162 GC heap after
Heap after GC invocations=11 (full 1):
 PSYoungGen      total 834560K, used 800K [0x00000007acc80000, 0x00000007e2180000, 0x0000000800000000)
  eden space 819200K, 0% used [0x00000007acc80000,0x00000007acc80000,0x00000007dec80000)
  from space 15360K, 5% used [0x00000007e1280000,0x00000007e1348000,0x00000007e2180000)
  to   space 27136K, 0% used [0x00000007dec80000,0x00000007dec80000,0x00000007e0700000)
 ParOldGen       total 208896K, used 61811K [0x0000000706600000, 0x0000000713200000, 0x00000007acc80000)
  object space 208896K, 29% used [0x0000000706600000,0x000000070a25cd58,0x0000000713200000)
 PSPermGen       total 45056K, used 22515K [0x00000006fc000000, 0x00000006fec00000, 0x0000000706600000)
  object space 45056K, 49% used [0x00000006fc000000,0x00000006fd5fcd40,0x00000006fec00000)
}
Event: 159.101 GC heap before
{Heap before GC invocations=12 (full 1):
 PSYoungGen      total 834560K, used 461561K [0x00000007acc80000, 0x00000007e2180000, 0x0000000800000000)
  eden space 819200K, 56% used [0x00000007acc80000,0x00000007c8e76648,0x00000007dec80000)
  from space 15360K, 5% used [0x00000007e1280000,0x00000007e1348000,0x00000007e2180000)
  to   space 27136K, 0% used [0x00000007dec80000,0x00000007dec80000,0x00000007e0700000)
 ParOldGen       total 2726400K, used 1246210K [0x0000000706600000, 0x00000007acc80000, 0x00000007acc80000)
  object space 2726400K, 45% used [0x0000000706600000,0x00000007527008e0,0x00000007acc80000)
 PSPermGen       total 45056K, used 22522K [0x00000006fc000000, 0x00000006fec00000, 0x0000000706600000)
  object space 45056K, 49% used [0x00000006fc000000,0x00000006fd5fe878,0x00000006fec00000)
Event: 159.106 GC heap after
Heap after GC invocations=12 (full 1):
 PSYoungGen      total 846336K, used 160K [0x00000007acc80000, 0x00000007fed80000, 0x0000000800000000)
  eden space 819200K, 0% used [0x00000007acc80000,0x00000007acc80000,0x00000007dec80000)
  from space 27136K, 0% used [0x00000007dec80000,0x00000007deca8000,0x00000007e0700000)
  to   space 27648K, 0% used [0x00000007fd280000,0x00000007fd280000,0x00000007fed80000)
 ParOldGen       total 2726400K, used 1246306K [0x0000000706600000, 0x00000007acc80000, 0x00000007acc80000)
  object space 2726400K, 45% used [0x0000000706600000,0x00000007527188e0,0x00000007acc80000)
 PSPermGen       total 45056K, used 22522K [0x00000006fc000000, 0x00000006fec00000, 0x0000000706600000)
  object space 45056K, 49% used [0x00000006fc000000,0x00000006fd5fe878,0x00000006fec00000)
}
Event: 159.106 GC heap before
{Heap before GC invocations=13 (full 1):
 PSYoungGen      total 846336K, used 160K [0x00000007acc80000, 0x00000007fed80000, 0x0000000800000000)
  eden space 819200K, 0% used [0x00000007acc80000,0x00000007acc80000,0x00000007dec80000)
  from space 27136K, 0% used [0x00000007dec80000,0x00000007deca8000,0x00000007e0700000)
  to   space 27648K, 0% used [0x00000007fd280000,0x00000007fd280000,0x00000007fed80000)
 ParOldGen       total 2726400K, used 1246306K [0x0000000706600000, 0x00000007acc80000, 0x00000007acc80000)
  object space 2726400K, 45% used [0x0000000706600000,0x00000007527188e0,0x00000007acc80000)
 PSPermGen       total 45056K, used 22522K [0x00000006fc000000, 0x00000006fec00000, 0x0000000706600000)
  object space 45056K, 49% used [0x00000006fc000000,0x00000006fd5fe878,0x00000006fec00000)
Event: 159.113 GC heap after
Heap after GC invocations=13 (full 1):
 PSYoungGen      total 1317376K, used 0K [0x00000007acc80000, 0x00000007fff80000, 0x0000000800000000)
  eden space 1289728K, 0% used [0x00000007acc80000,0x00000007acc80000,0x00000007fb800000)
  from space 27648K, 0% used [0x00000007fd280000,0x00000007fd280000,0x00000007fed80000)
  to   space 27136K, 0% used [0x00000007fb800000,0x00000007fb800000,0x00000007fd280000)
 ParOldGen       total 2726400K, used 1246354K [0x0000000706600000, 0x00000007acc80000, 0x00000007acc80000)
  object space 2726400K, 45% used [0x0000000706600000,0x00000007527248e0,0x00000007acc80000)
 PSPermGen       total 45056K, used 22522K [0x00000006fc000000, 0x00000006fec00000, 0x0000000706600000)
  object space 45056K, 49% used [0x00000006fc000000,0x00000006fd5fe878,0x00000006fec00000)
}
Event: 159.113 GC heap before
{Heap before GC invocations=14 (full 2):
 PSYoungGen      total 1317376K, used 0K [0x00000007acc80000, 0x00000007fff80000, 0x0000000800000000)
  eden space 1289728K, 0% used [0x00000007acc80000,0x00000007acc80000,0x00000007fb800000)
  from space 27648K, 0% used [0x00000007fd280000,0x00000007fd280000,0x00000007fed80000)
  to   space 27136K, 0% used [0x00000007fb800000,0x00000007fb800000,0x00000007fd280000)
 ParOldGen       total 2726400K, used 1246354K [0x0000000706600000, 0x00000007acc80000, 0x00000007acc80000)
  object space 2726400K, 45% used [0x0000000706600000,0x00000007527248e0,0x00000007acc80000)
 PSPermGen       total 45056K, used 22522K [0x00000006fc000000, 0x00000006fec00000, 0x0000000706600000)
  object space 45056K, 49% used [0x00000006fc000000,0x00000006fd5fe878,0x00000006fec00000)
Event: 159.150 GC heap after
Heap after GC invocations=14 (full 2):
 PSYoungGen      total 1317376K, used 0K [0x00000007acc80000, 0x00000007fff80000, 0x0000000800000000)
  eden space 1289728K, 0% used [0x00000007acc80000,0x00000007acc80000,0x00000007fb800000)
  from space 27648K, 0% used [0x00000007fd280000,0x00000007fd280000,0x00000007fed80000)
  to   space 27136K, 0% used [0x00000007fb800000,0x00000007fb800000,0x00000007fd280000)
 ParOldGen       total 198144K, used 7664K [0x0000000706600000, 0x0000000712780000, 0x00000007acc80000)
  object space 198144K, 3% used [0x0000000706600000,0x0000000706d7c340,0x0000000712780000)
 PSPermGen       total 50688K, used 22521K [0x00000006fc000000, 0x00000006ff180000, 0x0000000706600000)
  object space 50688K, 44% used [0x00000006fc000000,0x00000006fd5fe458,0x00000006ff180000)
}

